<?xml version="1.0" encoding="UTF-8"?>
<!-- Generated by org.testng.reporters.JUnitXMLReporter -->
<testsuite ignored="0" hostname="LAPTOP-O84P5ERU" failures="0" tests="2" name="Default test" time="6.912" errors="0" timestamp="02 Dec 2021 21:09:32 GMT">
  <testcase classname="com.sample.test.demo.tests.CountryInformationTest" name="getCountryInfo" time="1.905"/>
  <testcase classname="com.sample.test.demo.tests.CountryInformationTest" name="resetPage" time="0.188"/>
</testsuite> <!-- Default test -->
