<?xml version="1.0" encoding="UTF-8"?>
<testng-results ignored="0" total="2" passed="2" failed="0" skipped="0">
  <reporter-output>
  </reporter-output>
  <suite started-at="2021-12-02T21:09:25Z" name="Default suite" finished-at="2021-12-02T21:09:32Z" duration-ms="6912">
    <groups>
    </groups>
    <test started-at="2021-12-02T21:09:25Z" name="Default test" finished-at="2021-12-02T21:09:32Z" duration-ms="6912">
      <class name="com.sample.test.demo.tests.CountryInformationTest">
        <test-method is-config="true" signature="init()[pri:0, instance:com.sample.test.demo.tests.CountryInformationTest@4671115f]" started-at="2021-12-02T21:09:25Z" name="init" finished-at="2021-12-02T21:09:30Z" duration-ms="4452" status="PASS">
          <reporter-output>
          </reporter-output>
        </test-method> <!-- init -->
        <test-method signature="getCountryInfo()[pri:0, instance:com.sample.test.demo.tests.CountryInformationTest@4671115f]" started-at="2021-12-02T21:09:30Z" name="getCountryInfo" description="Validate that when the user selects a country the correct information related to the country gets displayed." finished-at="2021-12-02T21:09:31Z" duration-ms="1905" status="PASS">
          <reporter-output>
          </reporter-output>
        </test-method> <!-- getCountryInfo -->
        <test-method signature="resetPage()[pri:0, instance:com.sample.test.demo.tests.CountryInformationTest@4671115f]" started-at="2021-12-02T21:09:31Z" name="resetPage" description="Validate that when the user clicks reset button the entire webpage data gets reset" finished-at="2021-12-02T21:09:32Z" duration-ms="188" status="PASS">
          <reporter-output>
          </reporter-output>
        </test-method> <!-- resetPage -->
        <test-method is-config="true" signature="tearDown()[pri:0, instance:com.sample.test.demo.tests.CountryInformationTest@4671115f]" started-at="2021-12-02T21:09:32Z" name="tearDown" finished-at="2021-12-02T21:09:32Z" duration-ms="326" status="PASS">
          <reporter-output>
          </reporter-output>
        </test-method> <!-- tearDown -->
      </class> <!-- com.sample.test.demo.tests.CountryInformationTest -->
    </test> <!-- Default test -->
  </suite> <!-- Default suite -->
</testng-results>
